<?xml version="1.0" encoding="UTF-8"?>
<!-- Generated by org.testng.reporters.JUnitReportReporter -->
<testsuite name="org.testing.TestScripts.TC6" tests="1" time="3.139" ignored="0" failures="0" timestamp="08 Apr 2020 14:26:58 GMT" skipped="0" hostname="XCLP-TU1-2374" errors="0">
  <testcase name="testcase6" time="3.139" classname="org.testing.TestScripts.TC6"/>
</testsuite> <!-- org.testing.TestScripts.TC6 -->
