<?xml version="1.0" encoding="UTF-8"?>
<!-- Generated by org.testng.reporters.JUnitReportReporter -->
<testsuite name="org.testing.TestScripts.TC1" tests="1" time="4.082" ignored="0" failures="0" timestamp="08 Apr 2020 14:54:22 GMT" skipped="0" hostname="XCLP-TU1-2374" errors="0">
  <testcase name="testcase1" time="4.082" classname="org.testing.TestScripts.TC1"/>
</testsuite> <!-- org.testing.TestScripts.TC1 -->
