<?xml version="1.0" encoding="UTF-8"?>
<!-- Generated by org.testng.reporters.JUnitReportReporter -->
<testsuite name="org.testing.TestScripts.TC3" tests="1" time="0.178" ignored="0" failures="0" timestamp="08 Apr 2020 14:43:43 GMT" skipped="0" hostname="XCLP-TU1-2374" errors="0">
  <testcase name="testcase3" time="0.178" classname="org.testing.TestScripts.TC3"/>
</testsuite> <!-- org.testing.TestScripts.TC3 -->
